#
# A fatal error has been detected by the Java Runtime Environment:
#
#  Internal Error (os_windows_x86.cpp:143), pid=11128, tid=20328
#  guarantee(result == EXCEPTION_CONTINUE_EXECUTION) failed: Unexpected result from topLevelExceptionFilter
#
# JRE version: Java(TM) SE Runtime Environment (17.0.2+8) (build 17.0.2+8-LTS-86)
# Java VM: Java HotSpot(TM) 64-Bit Server VM (17.0.2+8-LTS-86, mixed mode, sharing, tiered, compressed oops, compressed class ptrs, g1 gc, windows-amd64)
# No core dump will be written. Minidumps are not enabled by default on client versions of Windows
#
# If you would like to submit a bug report, please visit:
#   https://bugreport.java.com/bugreport/crash.jsp
# The crash happened outside the Java Virtual Machine in native code.
# See problematic frame for where to report the bug.
#

---------------  S U M M A R Y ------------

Command Line: -Dfile.encoding=UTF8 -ea -Xmx1024m 

Host: 11th Gen Intel(R) Core(TM) i7-11370H @ 3.30GHz, 8 cores, 15G,  Windows 10 , 64 bit Build 19041 (10.0.19041.1889)
Time: Fri Aug 26 13:52:02 2022 대한민국 표준시 elapsed time: 0.741822 seconds (0d 0h 0m 0s)

---------------  T H R E A D  ---------------

Current thread (0x00000231ecfad1a0):  JavaThread "Python Reference Queue" daemon [_thread_in_native, id=20328, stack(0x000000be43d90000,0x000000be43f80000)]

Stack: [0x000000be43d90000,0x000000be43f80000]
Native frames: (J=compiled Java code, j=interpreted, Vv=VM code, C=native code)
C  0x00007ff963370baa
C  0x00007ff9634cfcb4
C  0x00007ff9634d145e
C  0x00007ff9634d1a77
C  0x00007ff962f42b2c
C  0x00007ff96337077c
C  [ntdll.dll+0xa229f]
C  [ntdll.dll+0x51454]
C  [ntdll.dll+0xa0dce]
C  0x00007ff9aecc8bbd
C  0x00007ff9aecc8bf2
C  0x00007ff9aebe4b44
C  0x00007ff9aebe7793
C  0x00007ff9f99348e3
C  [python39.dll+0x95d38]  dict_dealloc+0x248  (dictobject.c:2018)
C  [python39.dll+0x85464]  subtype_clear+0xa8  (typeobject.c:1186)
C  [python39.dll+0x85536]  delete_garbage+0x56  (gcmodule.c:1005)
C  [python39.dll+0x848aa]  collect+0x15a  (gcmodule.c:1277)
C  [python39.dll+0x84565]  collect_with_callback+0x45  (gcmodule.c:1388)
C  [python39.dll+0x15df22]  PyGC_Collect+0x6a  (gcmodule.c:2076)
C  0x00007ff979ec8244
C  0x000002318000d621

Java frames: (J=compiled Java code, j=interpreted, Vv=VM code)
j  org.jpype.ref.JPypeReferenceNative.wake()V+0
j  org.jpype.ref.JPypeReferenceQueue$Worker.run()V+42
j  java.lang.Thread.run()V+11 java.base@17.0.2
v  ~StubRoutines::call_stub

---------------  P R O C E S S  ---------------

Threads class SMR info:
_java_thread_list=0x00000231f0cbd560, length=15, elements={
0x00000231ecfb1030, 0x00000231ecfadb40, 0x00000231ecfaee80, 0x00000231ecfad670,
0x00000231ecfac330, 0x00000231ecfac800, 0x00000231ecfb31e0, 0x00000231ecc05a90,
0x00000231ecc0d410, 0x00000231ecc0ed60, 0x00000231ecfb0690, 0x00000231ecfb2d10,
0x00000231ecfad1a0, 0x00000231ecc0d920, 0x00000231ecc0e850
}

Java Threads: ( => current thread )
  0x00000231ecfb1030 JavaThread "main" [_thread_in_native, id=26248, stack(0x000000be3de10000,0x000000be3e000000)]
  0x00000231ecfadb40 JavaThread "Reference Handler" daemon [_thread_blocked, id=6952, stack(0x000000be42650000,0x000000be42840000)]
  0x00000231ecfaee80 JavaThread "Finalizer" daemon [_thread_blocked, id=22672, stack(0x000000be42840000,0x000000be42a30000)]
  0x00000231ecfad670 JavaThread "Signal Dispatcher" daemon [_thread_blocked, id=16120, stack(0x000000be42a30000,0x000000be42c20000)]
  0x00000231ecfac330 JavaThread "Attach Listener" daemon [_thread_blocked, id=26488, stack(0x000000be42c20000,0x000000be42e10000)]
  0x00000231ecfac800 JavaThread "Service Thread" daemon [_thread_blocked, id=24852, stack(0x000000be42e10000,0x000000be43000000)]
  0x00000231ecfb31e0 JavaThread "Monitor Deflation Thread" daemon [_thread_blocked, id=20968, stack(0x000000be43000000,0x000000be431f0000)]
  0x00000231ecc05a90 JavaThread "C2 CompilerThread0" daemon [_thread_in_native, id=26168, stack(0x000000be431f0000,0x000000be433e0000)]
  0x00000231ecc0d410 JavaThread "C1 CompilerThread0" daemon [_thread_blocked, id=24204, stack(0x000000be433e0000,0x000000be435d0000)]
  0x00000231ecc0ed60 JavaThread "Sweeper thread" daemon [_thread_blocked, id=23644, stack(0x000000be435d0000,0x000000be437c0000)]
  0x00000231ecfb0690 JavaThread "Notification Thread" daemon [_thread_blocked, id=276, stack(0x000000be437c0000,0x000000be439b0000)]
  0x00000231ecfb2d10 JavaThread "Common-Cleaner" daemon [_thread_blocked, id=15796, stack(0x000000be43ba0000,0x000000be43d90000)]
=>0x00000231ecfad1a0 JavaThread "Python Reference Queue" daemon [_thread_in_native, id=20328, stack(0x000000be43d90000,0x000000be43f80000)]
  0x00000231ecc0d920 JavaThread "C2 CompilerThread1" daemon [_thread_blocked, id=4968, stack(0x000000be44930000,0x000000be44b20000)]
  0x00000231ecc0e850 JavaThread "C2 CompilerThread2" daemon [_thread_in_native, id=7400, stack(0x000000be44b20000,0x000000be44d10000)]

Other Threads:
  0x00000231ed2ac810 VMThread "VM Thread" [stack: 0x000000be42460000,0x000000be42650000] [id=15828]
  0x00000231ed05f3e0 WatcherThread [stack: 0x000000be439b0000,0x000000be43ba0000] [id=27624]
  0x00000231ecd3d6d0 GCTaskThread "GC Thread#0" [stack: 0x000000be41ab0000,0x000000be41ca0000] [id=15572]
  0x00000231ecd390f0 GCTaskThread "GC Thread#1" [stack: 0x000000be43f80000,0x000000be44170000] [id=18140]
  0x00000231ecd3a670 GCTaskThread "GC Thread#2" [stack: 0x000000be44170000,0x000000be44360000] [id=4068]
  0x00000231ecd39900 GCTaskThread "GC Thread#3" [stack: 0x000000be44360000,0x000000be44550000] [id=20028]
  0x00000231ecd3ae80 GCTaskThread "GC Thread#4" [stack: 0x000000be44550000,0x000000be44740000] [id=14212]
  0x00000231ecd3b940 GCTaskThread "GC Thread#5" [stack: 0x000000be44740000,0x000000be44930000] [id=24356]
  0x00000231ed382f20 ConcurrentGCThread "G1 Main Marker" [stack: 0x000000be41ca0000,0x000000be41e90000] [id=23192]
  0x00000231ecd37b70 ConcurrentGCThread "G1 Conc#0" [stack: 0x000000be41e90000,0x000000be42080000] [id=24940]
  0x00000231ed1ab220 ConcurrentGCThread "G1 Refine#0" [stack: 0x000000be42080000,0x000000be42270000] [id=23156]
  0x00000231ecf919b0 ConcurrentGCThread "G1 Service" [stack: 0x000000be42270000,0x000000be42460000] [id=5636]

Threads with active compile tasks:
C2 CompilerThread0      990  808       4       jdk.internal.jimage.ImageReader$Resource::create (17 bytes)
C2 CompilerThread2      990  824       4       jdk.internal.jimage.ImageReader$SharedImageReader::lambda$handleModulesSubTree$1 (43 bytes)

VM state: not at safepoint (normal execution)

VM Mutex/Monitor currently owned by a thread: None

Heap address: 0x00000000c0000000, size: 1024 MB, Compressed Oops mode: 32-bit

CDS archive(s) mapped at: [0x0000000800000000-0x0000000800bc0000-0x0000000800bc0000), size 12320768, SharedBaseAddress: 0x0000000800000000, ArchiveRelocationMode: 0.
Compressed class space mapped at: 0x0000000800c00000-0x0000000840c00000, reserved size: 1073741824
Narrow klass base: 0x0000000800000000, Narrow klass shift: 0, Narrow klass range: 0x100000000

GC Precious Log:
 CPUs: 8 total, 8 available
 Memory: 16075M
 Large Page Support: Disabled
 NUMA Support: Disabled
 Compressed Oops: Enabled (32-bit)
 Heap Region Size: 1M
 Heap Min Capacity: 8M
 Heap Initial Capacity: 252M
 Heap Max Capacity: 1G
 Pre-touch: Disabled
 Parallel Workers: 8
 Concurrent Workers: 2
 Concurrent Refinement Workers: 8
 Periodic GC: Disabled

Heap:
 garbage-first heap   total 20480K, used 8457K [0x00000000c0000000, 0x0000000100000000)
  region size 1024K, 6 young (6144K), 1 survivors (1024K)
 Metaspace       used 2162K, committed 2304K, reserved 1056768K
  class space    used 181K, committed 256K, reserved 1048576K

Heap Regions: E=young(eden), S=young(survivor), O=old, HS=humongous(starts), HC=humongous(continues), CS=collection set, F=free, OA=open archive, CA=closed archive, TAMS=top-at-mark-start (previous, next)
|   0|0x00000000c0000000, 0x00000000c0035c88, 0x00000000c0100000| 21%| O|  |TAMS 0x00000000c0000000, 0x00000000c0000000| Untracked 
|   1|0x00000000c0100000, 0x00000000c0170e88, 0x00000000c0200000| 44%| O|  |TAMS 0x00000000c0100000, 0x00000000c0100000| Untracked 
|   2|0x00000000c0200000, 0x00000000c0252788, 0x00000000c0300000| 32%| O|  |TAMS 0x00000000c0200000, 0x00000000c0200000| Untracked 
|   3|0x00000000c0300000, 0x00000000c0376768, 0x00000000c0400000| 46%| O|  |TAMS 0x00000000c0300000, 0x00000000c0300000| Untracked 
|   4|0x00000000c0400000, 0x00000000c0500000, 0x00000000c0500000|100%| O|  |TAMS 0x00000000c0400000, 0x00000000c0400000| Untracked 
|   5|0x00000000c0500000, 0x00000000c0600000, 0x00000000c0600000|100%| O|  |TAMS 0x00000000c0500000, 0x00000000c0500000| Untracked 
|   6|0x00000000c0600000, 0x00000000c0622960, 0x00000000c0700000| 13%| O|  |TAMS 0x00000000c0600000, 0x00000000c0600000| Untracked 
|   7|0x00000000c0700000, 0x00000000c07b5a00, 0x00000000c0800000| 70%| O|  |TAMS 0x00000000c0700000, 0x00000000c0700000| Untracked 
|   8|0x00000000c0800000, 0x00000000c0800000, 0x00000000c0900000|  0%| F|  |TAMS 0x00000000c0800000, 0x00000000c0800000| Untracked 
|   9|0x00000000c0900000, 0x00000000c0900000, 0x00000000c0a00000|  0%| F|  |TAMS 0x00000000c0900000, 0x00000000c0900000| Untracked 
|  10|0x00000000c0a00000, 0x00000000c0a00000, 0x00000000c0b00000|  0%| F|  |TAMS 0x00000000c0a00000, 0x00000000c0a00000| Untracked 
|  11|0x00000000c0b00000, 0x00000000c0bc8ad0, 0x00000000c0c00000| 78%| S|CS|TAMS 0x00000000c0b00000, 0x00000000c0b00000| Complete 
|  12|0x00000000c0c00000, 0x00000000c0c00000, 0x00000000c0d00000|  0%| F|  |TAMS 0x00000000c0c00000, 0x00000000c0c00000| Untracked 
|  13|0x00000000c0d00000, 0x00000000c0d00000, 0x00000000c0e00000|  0%| F|  |TAMS 0x00000000c0d00000, 0x00000000c0d00000| Untracked 
|  14|0x00000000c0e00000, 0x00000000c0e397b0, 0x00000000c0f00000| 22%| E|  |TAMS 0x00000000c0e00000, 0x00000000c0e00000| Complete 
|  15|0x00000000c0f00000, 0x00000000c1000000, 0x00000000c1000000|100%| E|  |TAMS 0x00000000c0f00000, 0x00000000c0f00000| Complete 
|  16|0x00000000c1000000, 0x00000000c1100000, 0x00000000c1100000|100%| E|CS|TAMS 0x00000000c1000000, 0x00000000c1000000| Complete 
|  17|0x00000000c1100000, 0x00000000c1200000, 0x00000000c1200000|100%| E|CS|TAMS 0x00000000c1100000, 0x00000000c1100000| Complete 
|  18|0x00000000c1200000, 0x00000000c1300000, 0x00000000c1300000|100%| E|CS|TAMS 0x00000000c1200000, 0x00000000c1200000| Complete 
| 161|0x00000000ca100000, 0x00000000ca131d28, 0x00000000ca200000| 19%| O|  |TAMS 0x00000000ca100000, 0x00000000ca100000| Untracked 

Card table byte_map: [0x00000231fad90000,0x00000231faf90000] _byte_map_base: 0x00000231fa790000

Marking Bits (Prev, Next): (CMBitMap*) 0x00000231ecfb7a20, (CMBitMap*) 0x00000231ecfb79e0
 Prev Bits: [0x00000231fc190000, 0x00000231fd190000)
 Next Bits: [0x00000231fb190000, 0x00000231fc190000)

Polling page: 0x00000231ef710000

Metaspace:

Usage:
  Non-class:      1.94 MB used.
      Class:    181.05 KB used.
       Both:      2.11 MB used.

Virtual space:
  Non-class space:        8.00 MB reserved,       2.00 MB ( 25%) committed,  1 nodes.
      Class space:        1.00 GB reserved,     256.00 KB ( <1%) committed,  1 nodes.
             Both:        1.01 GB reserved,       2.25 MB ( <1%) committed. 

Chunk freelists:
   Non-Class:  3.76 MB
       Class:  3.73 MB
        Both:  7.48 MB

MaxMetaspaceSize: unlimited
CompressedClassSpaceSize: 1.00 GB
Initial GC threshold: 21.00 MB
Current GC threshold: 21.00 MB
CDS: on
MetaspaceReclaimPolicy: balanced
 - commit_granule_bytes: 65536.
 - commit_granule_words: 8192.
 - virtual_space_node_default_size: 1048576.
 - enlarge_chunks_in_place: 1.
 - new_chunks_are_fully_committed: 0.
 - uncommit_free_chunks: 1.
 - use_allocation_guard: 0.
 - handle_deallocations: 1.


Internal statistics:

num_allocs_failed_limit: 0.
num_arena_births: 20.
num_arena_deaths: 0.
num_vsnodes_births: 2.
num_vsnodes_deaths: 0.
num_space_committed: 36.
num_space_uncommitted: 0.
num_chunks_returned_to_freelist: 0.
num_chunks_taken_from_freelist: 42.
num_chunk_merges: 0.
num_chunk_splits: 21.
num_chunks_enlarged: 12.
num_purges: 0.
num_inconsistent_stats: 0.

CodeHeap 'non-profiled nmethods': size=120000Kb used=296Kb max_used=296Kb free=119703Kb
 bounds [0x0000023187ad0000, 0x0000023187d40000, 0x000002318f000000]
CodeHeap 'profiled nmethods': size=120000Kb used=1526Kb max_used=1526Kb free=118473Kb
 bounds [0x00000231805a0000, 0x0000023180810000, 0x0000023187ad0000]
CodeHeap 'non-nmethods': size=5760Kb used=1132Kb max_used=1165Kb free=4627Kb
 bounds [0x0000023180000000, 0x0000023180270000, 0x00000231805a0000]
 total_blobs=1275 nmethods=874 adapters=313
 compilation: enabled
              stopped_count=0, restarted_count=0
 full_count=0

Compilation events (20 events):
Event: 0.671 Thread 0x00000231ecc05a90  498       4       java.util.HashMap::putVal (300 bytes)
Event: 0.672 Thread 0x00000231ecc0d410  514       1       java.lang.reflect.Field::getType (5 bytes)
Event: 0.672 Thread 0x00000231ecc0d410 nmethod 514 0x0000023187aedf90 code [0x0000023187aee120, 0x0000023187aee1f8]
Event: 0.672 Thread 0x00000231ecc0d410  515       3       org.jpype.manager.TypeManager::getClass (31 bytes)
Event: 0.672 Thread 0x00000231ecc0d410 nmethod 515 0x000002318066af90 code [0x000002318066b1a0, 0x000002318066b6d8]
Event: 0.673 Thread 0x00000231ecc0d410  518       3       org.jpype.manager.MethodResolution::<init> (498 bytes)
Event: 0.677 Thread 0x00000231ecc0d410 nmethod 518 0x000002318066b890 code [0x000002318066bee0, 0x0000023180672b98]
Event: 0.677 Thread 0x00000231ecc0d410  519   !   3       java.lang.reflect.Executable::sharedToString (138 bytes)
Event: 0.678 Thread 0x00000231ecc0d410 nmethod 519 0x0000023180673b90 code [0x0000023180673fe0, 0x0000023180675bb8]
Event: 0.678 Thread 0x00000231ecc0d410  520       3       java.lang.reflect.Executable::printModifiersIfNonzero (101 bytes)
Event: 0.679 Thread 0x00000231ecc0d410 nmethod 520 0x0000023180676710 code [0x00000231806769a0, 0x00000231806771c8]
Event: 0.679 Thread 0x00000231ecc0d410  521       3       java.lang.reflect.Modifier::toString (185 bytes)
Event: 0.679 Thread 0x00000231ecc0d410 nmethod 521 0x0000023180677510 code [0x00000231806777a0, 0x0000023180677fd8]
Event: 0.679 Thread 0x00000231ecc0d410  522       3       java.util.StringJoiner::<init> (10 bytes)
Event: 0.679 Thread 0x00000231ecc0d410 nmethod 522 0x0000023180678210 code [0x00000231806783c0, 0x0000023180678508]
Event: 0.688 Thread 0x00000231ecc05a90 nmethod 498 0x0000023187aeeb90 code [0x0000023187aeeda0, 0x0000023187af0148]
Event: 0.688 Thread 0x00000231ecc05a90  517       4       java.lang.PublicMethods$MethodList::filter (104 bytes)
Event: 0.694 Thread 0x00000231ecc05a90 nmethod 517 0x0000023187af0790 code [0x0000023187af0940, 0x0000023187af1178]
Event: 0.694 Thread 0x00000231ecc05a90  511       4       java.util.HashMap::afterNodeInsertion (1 bytes)
Event: 0.694 Thread 0x00000231ecc05a90 nmethod 511 0x0000023187af1690 code [0x0000023187af1800, 0x0000023187af1878]

GC Heap History (2 events):
Event: 0.673 GC heap before
{Heap before GC invocations=0 (full 0):
 garbage-first heap   total 258048K, used 4096K [0x00000000c0000000, 0x0000000100000000)
  region size 1024K, 6 young (6144K), 0 survivors (0K)
 Metaspace       used 1471K, committed 1600K, reserved 1056768K
  class space    used 126K, committed 192K, reserved 1048576K
}
Event: 0.677 GC heap after
{Heap after GC invocations=1 (full 1):
 garbage-first heap   total 20480K, used 1808K [0x00000000c0000000, 0x0000000100000000)
  region size 1024K, 0 young (0K), 0 survivors (0K)
 Metaspace       used 1471K, committed 1600K, reserved 1056768K
  class space    used 126K, committed 192K, reserved 1048576K
}

Deoptimization events (20 events):
Event: 0.605 Thread 0x00000231ecfb1030 DEOPT PACKING pc=0x00000231805b8767 sp=0x000000be3dff9b50
Event: 0.605 Thread 0x00000231ecfb1030 DEOPT UNPACKING pc=0x0000023180056763 sp=0x000000be3dff8f70 mode 0
Event: 0.606 Thread 0x00000231ecfb1030 DEOPT PACKING pc=0x00000231805a8251 sp=0x000000be3dff99d0
Event: 0.606 Thread 0x00000231ecfb1030 DEOPT UNPACKING pc=0x0000023180056763 sp=0x000000be3dff8e48 mode 0
Event: 0.672 Thread 0x00000231ecfb1030 Uncommon trap: trap_request=0xffffffbe fr.pc=0x0000023187aed994 relative=0x0000000000000754
Event: 0.672 Thread 0x00000231ecfb1030 Uncommon trap: reason=profile_predicate action=maybe_recompile pc=0x0000023187aed994 method=java.lang.PublicMethods$MethodList.filter([Ljava/lang/reflect/Method;Ljava/lang/String;[Ljava/lang/Class;Z)Ljava/lang/PublicMethods$MethodList; @ 21 c2
Event: 0.672 Thread 0x00000231ecfb1030 DEOPT PACKING pc=0x0000023187aed994 sp=0x000000be3dff76d0
Event: 0.672 Thread 0x00000231ecfb1030 DEOPT UNPACKING pc=0x0000023180055c23 sp=0x000000be3dff7688 mode 2
Event: 0.672 Thread 0x00000231ecfb1030 Uncommon trap: trap_request=0xffffffbe fr.pc=0x0000023187aed994 relative=0x0000000000000754
Event: 0.672 Thread 0x00000231ecfb1030 Uncommon trap: reason=profile_predicate action=maybe_recompile pc=0x0000023187aed994 method=java.lang.PublicMethods$MethodList.filter([Ljava/lang/reflect/Method;Ljava/lang/String;[Ljava/lang/Class;Z)Ljava/lang/PublicMethods$MethodList; @ 21 c2
Event: 0.672 Thread 0x00000231ecfb1030 DEOPT PACKING pc=0x0000023187aed994 sp=0x000000be3dff7620
Event: 0.672 Thread 0x00000231ecfb1030 DEOPT UNPACKING pc=0x0000023180055c23 sp=0x000000be3dff75d8 mode 2
Event: 0.672 Thread 0x00000231ecfb1030 Uncommon trap: trap_request=0xffffffbe fr.pc=0x0000023187aed994 relative=0x0000000000000754
Event: 0.672 Thread 0x00000231ecfb1030 Uncommon trap: reason=profile_predicate action=maybe_recompile pc=0x0000023187aed994 method=java.lang.PublicMethods$MethodList.filter([Ljava/lang/reflect/Method;Ljava/lang/String;[Ljava/lang/Class;Z)Ljava/lang/PublicMethods$MethodList; @ 21 c2
Event: 0.672 Thread 0x00000231ecfb1030 DEOPT PACKING pc=0x0000023187aed994 sp=0x000000be3dff76d0
Event: 0.672 Thread 0x00000231ecfb1030 DEOPT UNPACKING pc=0x0000023180055c23 sp=0x000000be3dff7688 mode 2
Event: 0.672 Thread 0x00000231ecfb1030 Uncommon trap: trap_request=0xffffffbe fr.pc=0x0000023187aed994 relative=0x0000000000000754
Event: 0.672 Thread 0x00000231ecfb1030 Uncommon trap: reason=profile_predicate action=maybe_recompile pc=0x0000023187aed994 method=java.lang.PublicMethods$MethodList.filter([Ljava/lang/reflect/Method;Ljava/lang/String;[Ljava/lang/Class;Z)Ljava/lang/PublicMethods$MethodList; @ 21 c2
Event: 0.672 Thread 0x00000231ecfb1030 DEOPT PACKING pc=0x0000023187aed994 sp=0x000000be3dff7620
Event: 0.672 Thread 0x00000231ecfb1030 DEOPT UNPACKING pc=0x0000023180055c23 sp=0x000000be3dff75d8 mode 2

Classes unloaded (0 events):
No events

Classes redefined (0 events):
No events

Internal exceptions (5 events):
Event: 0.531 Thread 0x00000231ecfb1030 Exception <a 'java/lang/NoClassDefFoundError'{0x00000000cf978e90}: org/jpype/classloader/DynamicClassLoader> (0x00000000cf978e90) 
thrown [t:\workspace\open\src\hotspot\share\classfile\systemDictionary.cpp, line 245]
Event: 0.598 Thread 0x00000231ecfb1030 Exception <a 'sun/nio/fs/WindowsException'{0x00000000cf895d50}> (0x00000000cf895d50) 
thrown [t:\workspace\open\src\hotspot\share\prims\jni.cpp, line 516]
Event: 0.599 Thread 0x00000231ecfb1030 Exception <a 'sun/nio/fs/WindowsException'{0x00000000cf8965c8}> (0x00000000cf8965c8) 
thrown [t:\workspace\open\src\hotspot\share\prims\jni.cpp, line 516]
Event: 0.634 Thread 0x00000231ecfb1030 Exception <a 'java/lang/NoSuchMethodError'{0x00000000cf717eb8}: 'java.lang.Object java.lang.invoke.DirectMethodHandle$Holder.invokeInterface(java.lang.Object, java.lang.Object)'> (0x00000000cf717eb8) 
thrown [t:\workspace\open\src\hotspot\share\interpreter\linkResolver.cpp, line 766]
Event: 0.634 Thread 0x00000231ecfb1030 Exception <a 'java/lang/IncompatibleClassChangeError'{0x00000000cf71b578}: Found class java.lang.Object, but interface was expected> (0x00000000cf71b578) 
thrown [t:\workspace\open\src\hotspot\share\interpreter\linkResolver.cpp, line 833]

VM Operations (4 events):
Event: 0.534 Executing VM operation: HandshakeAllThreads
Event: 0.534 Executing VM operation: HandshakeAllThreads done
Event: 0.673 Executing VM operation: G1CollectFull
Event: 0.677 Executing VM operation: G1CollectFull done

Events (20 events):
Event: 0.648 loading class jdk/internal/reflect/Label
Event: 0.649 loading class jdk/internal/reflect/Label done
Event: 0.649 loading class jdk/internal/reflect/Label$PatchInfo
Event: 0.649 loading class jdk/internal/reflect/Label$PatchInfo done
Event: 0.649 loading class jdk/internal/reflect/MethodAccessorGenerator$1
Event: 0.649 loading class jdk/internal/reflect/MethodAccessorGenerator$1 done
Event: 0.649 loading class jdk/internal/reflect/ClassDefiner
Event: 0.649 loading class jdk/internal/reflect/ClassDefiner done
Event: 0.649 loading class jdk/internal/reflect/ClassDefiner$1
Event: 0.649 loading class jdk/internal/reflect/ClassDefiner$1 done
Event: 0.649 loading class jdk/internal/reflect/BootstrapConstructorAccessorImpl
Event: 0.649 loading class jdk/internal/reflect/BootstrapConstructorAccessorImpl done
Event: 0.651 loading class java/lang/Deprecated
Event: 0.652 loading class java/lang/Deprecated done
Event: 0.652 loading class java/lang/annotation/Documented
Event: 0.652 loading class java/lang/annotation/Documented done
Event: 0.657 loading class java/nio/charset/CharacterCodingException
Event: 0.657 loading class java/nio/charset/CharacterCodingException done
Event: 0.665 loading class java/lang/Byte$ByteCache
Event: 0.665 loading class java/lang/Byte$ByteCache done


Dynamic libraries:
0x00007ff603d90000 - 0x00007ff603dac000 	C:\Users\ParkHanna\anaconda3\python.exe
0x00007ffa052b0000 - 0x00007ffa054a8000 	C:\Windows\SYSTEM32\ntdll.dll
0x00007ffa04010000 - 0x00007ffa040cd000 	C:\Windows\System32\KERNEL32.DLL
0x00007ffa02a60000 - 0x00007ffa02d2e000 	C:\Windows\System32\KERNELBASE.dll
0x00007ffa02e40000 - 0x00007ffa02f40000 	C:\Windows\System32\ucrtbase.dll
0x00007ff9f25f0000 - 0x00007ff9f2609000 	C:\Users\ParkHanna\anaconda3\VCRUNTIME140.dll
0x00007ff9c8200000 - 0x00007ff9c8676000 	C:\Users\ParkHanna\anaconda3\python39.dll
0x00007ffa04d70000 - 0x00007ffa04ddb000 	C:\Windows\System32\WS2_32.dll
0x00007ffa03590000 - 0x00007ffa036b5000 	C:\Windows\System32\RPCRT4.dll
0x00007ffa048c0000 - 0x00007ffa0496e000 	C:\Windows\System32\ADVAPI32.dll
0x00007ffa04cd0000 - 0x00007ffa04d6e000 	C:\Windows\System32\msvcrt.dll
0x00007ffa04df0000 - 0x00007ffa04e8c000 	C:\Windows\System32\sechost.dll
0x00007ffa005e0000 - 0x00007ffa005ea000 	C:\Windows\SYSTEM32\VERSION.dll
0x00007ffa02760000 - 0x00007ffa02778000 	C:\Windows\SYSTEM32\CRYPTSP.dll
0x00007ffa01330000 - 0x00007ffa01364000 	C:\Windows\system32\rsaenh.dll
0x00007ffa02e10000 - 0x00007ffa02e37000 	C:\Windows\System32\bcrypt.dll
0x00007ffa01c40000 - 0x00007ffa01c4c000 	C:\Windows\SYSTEM32\CRYPTBASE.dll
0x00007ffa029d0000 - 0x00007ffa02a52000 	C:\Windows\System32\bcryptPrimitives.dll
0x00007ff9f51c0000 - 0x00007ff9f51cf000 	C:\Users\ParkHanna\anaconda3\python3.DLL
0x00007ff9cc030000 - 0x00007ff9cc046000 	C:\Users\ParkHanna\anaconda3\DLLs\_socket.pyd
0x00007ffa019a0000 - 0x00007ffa019db000 	C:\Windows\SYSTEM32\IPHLPAPI.DLL
0x00007ff9f2350000 - 0x00007ff9f235a000 	C:\Users\ParkHanna\anaconda3\DLLs\select.pyd
0x00007ff9ea660000 - 0x00007ff9ea677000 	C:\Users\ParkHanna\anaconda3\DLLs\_bz2.pyd
0x00007ff9e94e0000 - 0x00007ff9e950a000 	C:\Users\ParkHanna\anaconda3\DLLs\_lzma.pyd
0x00007ff9e5a60000 - 0x00007ff9e5b02000 	C:\Users\ParkHanna\anaconda3\lib\site-packages\zmq\libzmq.cp39-win_amd64.pyd
0x00007ff9e4670000 - 0x00007ff9e46fe000 	C:\Windows\SYSTEM32\MSVCP140.dll
0x00007ff9e5300000 - 0x00007ff9e530c000 	C:\Windows\SYSTEM32\VCRUNTIME140_1.dll
0x00007ff9f5620000 - 0x00007ff9f5635000 	C:\Users\ParkHanna\anaconda3\lib\site-packages\zmq\backend\cython\constants.cp39-win_amd64.pyd
0x00007ff9f5610000 - 0x00007ff9f561c000 	C:\Users\ParkHanna\anaconda3\lib\site-packages\zmq\backend\cython\error.cp39-win_amd64.pyd
0x00007ff9e5a40000 - 0x00007ff9e5a59000 	C:\Users\ParkHanna\anaconda3\lib\site-packages\zmq\backend\cython\message.cp39-win_amd64.pyd
0x00007ff9e5a20000 - 0x00007ff9e5a34000 	C:\Users\ParkHanna\anaconda3\lib\site-packages\zmq\backend\cython\context.cp39-win_amd64.pyd
0x00007ff9c7b70000 - 0x00007ff9c7b94000 	C:\Users\ParkHanna\anaconda3\lib\site-packages\zmq\backend\cython\socket.cp39-win_amd64.pyd
0x00007ff9ef140000 - 0x00007ff9ef14e000 	C:\Users\ParkHanna\anaconda3\lib\site-packages\zmq\backend\cython\utils.cp39-win_amd64.pyd
0x00007ff9c7b50000 - 0x00007ff9c7b64000 	C:\Users\ParkHanna\anaconda3\lib\site-packages\zmq\backend\cython\_poll.cp39-win_amd64.pyd
0x00007ff9e94d0000 - 0x00007ff9e94dc000 	C:\Users\ParkHanna\anaconda3\lib\site-packages\zmq\backend\cython\_version.cp39-win_amd64.pyd
0x00007ff9c7b30000 - 0x00007ff9c7b42000 	C:\Users\ParkHanna\anaconda3\lib\site-packages\zmq\backend\cython\_device.cp39-win_amd64.pyd
0x00007ff9e59e0000 - 0x00007ff9e59f0000 	C:\Users\ParkHanna\anaconda3\lib\site-packages\zmq\backend\cython\_proxy_steerable.cp39-win_amd64.pyd
0x00007ff9cc000000 - 0x00007ff9cc027000 	C:\Users\ParkHanna\anaconda3\DLLs\_ssl.pyd
0x00007ffa03160000 - 0x00007ffa032b6000 	C:\Windows\System32\CRYPT32.dll
0x00007ff9c7eb0000 - 0x00007ff9c81fc000 	C:\Users\ParkHanna\anaconda3\Library\bin\libcrypto-1_1-x64.dll
0x00007ffa036c0000 - 0x00007ffa03860000 	C:\Windows\System32\USER32.dll
0x00007ffa02de0000 - 0x00007ffa02e02000 	C:\Windows\System32\win32u.dll
0x00007ffa05140000 - 0x00007ffa0516a000 	C:\Windows\System32\GDI32.dll
0x00007ffa02fb0000 - 0x00007ffa030bb000 	C:\Windows\System32\gdi32full.dll
0x00007ffa030c0000 - 0x00007ffa0315d000 	C:\Windows\System32\msvcp_win.dll
0x00007ff9c7e00000 - 0x00007ff9c7eac000 	C:\Users\ParkHanna\anaconda3\Library\bin\libssl-1_1-x64.dll
0x00007ffa04890000 - 0x00007ffa048c0000 	C:\Windows\System32\IMM32.DLL
0x00007ff9cbb20000 - 0x00007ff9cbb32000 	C:\Users\ParkHanna\anaconda3\DLLs\_asyncio.pyd
0x00007ff9ef3b0000 - 0x00007ff9ef3bd000 	C:\Users\ParkHanna\anaconda3\DLLs\_overlapped.pyd
0x00007ffa01bd0000 - 0x00007ffa01c3a000 	C:\Windows\system32\mswsock.dll
0x00007ff9ef890000 - 0x00007ff9ef899000 	C:\Users\ParkHanna\anaconda3\DLLs\_queue.pyd
0x00007ff9f25e0000 - 0x00007ff9f25e8000 	C:\Users\ParkHanna\anaconda3\DLLs\_uuid.pyd
0x00007ff9ef7e0000 - 0x00007ff9ef7e7000 	C:\Users\ParkHanna\anaconda3\lib\site-packages\tornado\speedups.cp39-win_amd64.pyd
0x00007ff9ef080000 - 0x00007ff9ef0a0000 	C:\Users\ParkHanna\anaconda3\DLLs\_ctypes.pyd
0x00007ffa04540000 - 0x00007ffa0466a000 	C:\Windows\System32\ole32.dll
0x00007ffa04970000 - 0x00007ffa04cc4000 	C:\Windows\System32\combase.dll
0x00007ffa034c0000 - 0x00007ffa0358d000 	C:\Windows\System32\OLEAUT32.dll
0x00007ff9f4d70000 - 0x00007ff9f4d7b000 	C:\Users\ParkHanna\anaconda3\DLLs\libffi-7.dll
0x00007ff9c7db0000 - 0x00007ff9c7df3000 	C:\Users\ParkHanna\anaconda3\DLLs\_decimal.pyd
0x00007ffa03860000 - 0x00007ffa03fa4000 	C:\Windows\System32\shell32.DLL
0x00007ff9e9860000 - 0x00007ff9e9871000 	C:\Users\ParkHanna\anaconda3\DLLs\_hashlib.pyd
0x00007ff9c7b10000 - 0x00007ff9c7b28000 	C:\Users\ParkHanna\anaconda3\DLLs\_sqlite3.pyd
0x00007ff9bac90000 - 0x00007ff9badf5000 	C:\Users\ParkHanna\anaconda3\Library\bin\sqlite3.dll
0x00007ff9c7c90000 - 0x00007ff9c7da4000 	C:\Users\ParkHanna\anaconda3\DLLs\unicodedata.pyd
0x00007ff9b9fe0000 - 0x00007ff9b9ff7000 	C:\Users\ParkHanna\anaconda3\lib\site-packages\psutil\_psutil_windows.cp39-win_amd64.pyd
0x00007ffa04e90000 - 0x00007ffa04e98000 	C:\Windows\System32\PSAPI.DLL
0x00007ffa025f0000 - 0x00007ffa0263b000 	C:\Windows\SYSTEM32\POWRPROF.dll
0x00007ff9d5f00000 - 0x00007ff9d5f49000 	C:\Windows\SYSTEM32\pdh.dll
0x00007ffa02170000 - 0x00007ffa02182000 	C:\Windows\SYSTEM32\UMPDC.dll
0x00007ff9f96c0000 - 0x00007ff9f96d4000 	C:\Windows\SYSTEM32\wtsapi32.dll
0x00007ff9c8b80000 - 0x00007ff9c8bb3000 	C:\Users\ParkHanna\anaconda3\DLLs\pyexpat.pyd
0x00007ff9c7c60000 - 0x00007ff9c7c83000 	C:\Users\ParkHanna\anaconda3\lib\site-packages\win32\win32api.pyd
0x00007ff9c7c30000 - 0x00007ff9c7c55000 	C:\Users\ParkHanna\anaconda3\Library\bin\pywintypes39.dll
0x00007ffa00650000 - 0x00007ffa0065c000 	C:\Windows\SYSTEM32\secur32.dll
0x00007ffa02890000 - 0x00007ffa028c2000 	C:\Windows\SYSTEM32\SSPICLI.DLL
0x00007ff9f2a10000 - 0x00007ff9f2a17000 	C:\Users\ParkHanna\anaconda3\lib\site-packages\win32\_win32sysloader.pyd
0x00007ff9c7ba0000 - 0x00007ff9c7c30000 	C:\Users\ParkHanna\anaconda3\Library\bin\pythoncom39.dll
0x00007ffa00340000 - 0x00007ffa00352000 	C:\Windows\SYSTEM32\kernel.appcore.dll
0x00007ffa00d10000 - 0x00007ffa00dae000 	C:\Windows\system32\uxtheme.dll
0x00007ff9ee380000 - 0x00007ff9ee56c000 	C:\Windows\SYSTEM32\urlmon.dll
0x00007ff9f1f50000 - 0x00007ff9f2201000 	C:\Windows\SYSTEM32\iertutil.dll
0x00007ff9ee350000 - 0x00007ff9ee378000 	C:\Windows\SYSTEM32\srvcli.dll
0x00007ffa01b30000 - 0x00007ffa01b3c000 	C:\Windows\SYSTEM32\netutils.dll
0x00007ffa04780000 - 0x00007ffa0482d000 	C:\Windows\System32\shcore.dll
0x00007ff9af430000 - 0x00007ff9af48b000 	C:\Users\ParkHanna\anaconda3\lib\site-packages\debugpy\_vendored\pydevd\_pydevd_bundle\pydevd_cython.cp39-win_amd64.pyd
0x00007ff9f5640000 - 0x00007ff9f5647000 	C:\Windows\system32\wshunix.dll
0x00007ffa04ea0000 - 0x00007ffa04ea8000 	C:\Windows\System32\NSI.dll
0x00007ff9f6ab0000 - 0x00007ff9f6ac7000 	C:\Windows\SYSTEM32\dhcpcsvc6.DLL
0x00007ff9f7540000 - 0x00007ff9f755d000 	C:\Windows\SYSTEM32\dhcpcsvc.DLL
0x00007ffa01700000 - 0x00007ffa017ca000 	C:\Windows\SYSTEM32\DNSAPI.dll
0x00007ff9babd0000 - 0x00007ff9babf5000 	C:\Users\ParkHanna\anaconda3\lib\site-packages\win32\win32security.pyd
0x00007ff9e3b40000 - 0x00007ff9e3b5a000 	C:\Windows\SYSTEM32\NETAPI32.dll
0x00000231e8ff0000 - 0x00000231e8ff3000 	C:\Windows\SYSTEM32\security.dll
0x00007ff9af3b0000 - 0x00007ff9af3da000 	C:\Windows\SYSTEM32\ntdsapi.dll
0x00007ffa01b40000 - 0x00007ffa01b84000 	C:\Windows\SYSTEM32\LOGONCLI.DLL
0x00007ff9c7b00000 - 0x00007ff9c7b07000 	C:\Users\ParkHanna\anaconda3\lib\site-packages\mkl\_mklinit.cp39-win_amd64.pyd
0x00007ff97f190000 - 0x00007ff980529000 	C:\Users\ParkHanna\anaconda3\Library\bin\mkl_rt.1.dll
0x00007ff9c2120000 - 0x00007ff9c213f000 	C:\Users\ParkHanna\anaconda3\lib\site-packages\mkl\_py_mkl_service.cp39-win_amd64.pyd
0x00007ff990c40000 - 0x00007ff990f34000 	C:\Users\ParkHanna\anaconda3\lib\site-packages\numpy\core\_multiarray_umath.cp39-win_amd64.pyd
0x00007ff9c2100000 - 0x00007ff9c2120000 	C:\Users\ParkHanna\anaconda3\lib\site-packages\numpy\core\_multiarray_tests.cp39-win_amd64.pyd
0x00007ff9c7af0000 - 0x00007ff9c7af9000 	C:\Users\ParkHanna\anaconda3\lib\site-packages\numpy\linalg\lapack_lite.cp39-win_amd64.pyd
0x00007ff9c20d0000 - 0x00007ff9c20fa000 	C:\Users\ParkHanna\anaconda3\lib\site-packages\numpy\linalg\_umath_linalg.cp39-win_amd64.pyd
0x00007ff9be260000 - 0x00007ff9be280000 	C:\Users\ParkHanna\anaconda3\lib\site-packages\numpy\fft\_pocketfft_internal.cp39-win_amd64.pyd
0x00007ff9af540000 - 0x00007ff9af5d4000 	C:\Users\ParkHanna\anaconda3\lib\site-packages\numpy\random\mtrand.cp39-win_amd64.pyd
0x00007ff9be230000 - 0x00007ff9be259000 	C:\Users\ParkHanna\anaconda3\lib\site-packages\numpy\random\bit_generator.cp39-win_amd64.pyd
0x00007ff9bae90000 - 0x00007ff9baec1000 	C:\Users\ParkHanna\anaconda3\lib\site-packages\numpy\random\_common.cp39-win_amd64.pyd
0x00007ff9ba280000 - 0x00007ff9ba2c2000 	C:\Users\ParkHanna\anaconda3\lib\site-packages\numpy\random\_bounded_integers.cp39-win_amd64.pyd
0x00007ff9baa20000 - 0x00007ff9baa38000 	C:\Users\ParkHanna\anaconda3\lib\site-packages\numpy\random\_mt19937.cp39-win_amd64.pyd
0x00007ff9baa00000 - 0x00007ff9baa17000 	C:\Users\ParkHanna\anaconda3\lib\site-packages\numpy\random\_philox.cp39-win_amd64.pyd
0x00007ff9ba020000 - 0x00007ff9ba039000 	C:\Users\ParkHanna\anaconda3\lib\site-packages\numpy\random\_pcg64.cp39-win_amd64.pyd
0x00007ff9ba000000 - 0x00007ff9ba012000 	C:\Users\ParkHanna\anaconda3\lib\site-packages\numpy\random\_sfc64.cp39-win_amd64.pyd
0x00007ff9af490000 - 0x00007ff9af53d000 	C:\Users\ParkHanna\anaconda3\lib\site-packages\numpy\random\_generator.cp39-win_amd64.pyd
0x00007ff97bd40000 - 0x00007ff97f18a000 	C:\Users\ParkHanna\anaconda3\Library\bin\mkl_intel_thread.1.dll
0x00007ff967830000 - 0x00007ff96c2fe000 	C:\Users\ParkHanna\anaconda3\Library\bin\mkl_core.1.dll
0x00007ff964060000 - 0x00007ff96782b000 	C:\Users\ParkHanna\anaconda3\Library\bin\mkl_avx512.1.dll
0x00007ff97a4a0000 - 0x00007ff97b2a0000 	C:\Users\ParkHanna\anaconda3\Library\bin\mkl_vml_avx512.1.dll
0x00007ff9d9130000 - 0x00007ff9d920d000 	C:\Users\ParkHanna\anaconda3\lib\site-packages\pandas\_libs\interval.cp39-win_amd64.pyd
0x00007ff9be500000 - 0x00007ff9be610000 	C:\Users\ParkHanna\anaconda3\lib\site-packages\pandas\_libs\hashtable.cp39-win_amd64.pyd
0x00007ff9f2a20000 - 0x00007ff9f2a47000 	C:\Users\ParkHanna\anaconda3\lib\site-packages\pandas\_libs\missing.cp39-win_amd64.pyd
0x00007ff9f98c0000 - 0x00007ff9f98dc000 	C:\Users\ParkHanna\anaconda3\lib\site-packages\pandas\_libs\tslibs\dtypes.cp39-win_amd64.pyd
0x00007ff9f2760000 - 0x00007ff9f2794000 	C:\Users\ParkHanna\anaconda3\lib\site-packages\pandas\_libs\tslibs\conversion.cp39-win_amd64.pyd
0x00007ff9f7490000 - 0x00007ff9f749d000 	C:\Users\ParkHanna\anaconda3\lib\site-packages\pandas\_libs\tslibs\base.cp39-win_amd64.pyd
0x00007ff9e94a0000 - 0x00007ff9e94cd000 	C:\Users\ParkHanna\anaconda3\lib\site-packages\pandas\_libs\tslibs\nattype.cp39-win_amd64.pyd
0x00007ff9f6260000 - 0x00007ff9f626d000 	C:\Users\ParkHanna\anaconda3\lib\site-packages\pandas\_libs\tslibs\np_datetime.cp39-win_amd64.pyd
0x00007ff9e59f0000 - 0x00007ff9e5a1d000 	C:\Users\ParkHanna\anaconda3\lib\site-packages\pandas\_libs\tslibs\timezones.cp39-win_amd64.pyd
0x00000231ea6e0000 - 0x00000231ea6e3000 	C:\Windows\SYSTEM32\tzres.dll
0x00007ff9d90f0000 - 0x00007ff9d9123000 	C:\Users\ParkHanna\anaconda3\lib\site-packages\pandas\_libs\tslibs\tzconversion.cp39-win_amd64.pyd
0x00007ff9f55e0000 - 0x00007ff9f55f0000 	C:\Users\ParkHanna\anaconda3\lib\site-packages\pandas\_libs\tslibs\ccalendar.cp39-win_amd64.pyd

dbghelp: loaded successfully - version: 4.0.5 - missing functions: none
symbol engine: initialized successfully - sym options: 0x614 - pdb path: .;C:\Users\ParkHanna\anaconda3;C:\Windows\SYSTEM32;C:\Users\ParkHanna\anaconda3\DLLs;C:\Users\ParkHanna\anaconda3\lib\site-packages\zmq;C:\Users\ParkHanna\anaconda3\lib\site-packages\zmq\backend\cython;C:\Users\ParkHanna\anaconda3\Library\bin;C:\Users\ParkHanna\anaconda3\lib\site-packages\tornado;C:\Users\ParkHanna\anaconda3\lib\site-packages\psutil;C:\Users\ParkHanna\anaconda3\lib\site-packages\win32;C:\Users\ParkHanna\anaconda3\lib\site-packages\debugpy\_vendored\pydevd\_pydevd_bundle;C:\Users\ParkHanna\anaconda3\lib\site-packages\mkl;C:\Users\ParkHanna\anaconda3\lib\site-packages\numpy\core;C:\Users\ParkHanna\anaconda3\lib\site-packages\numpy\linalg;C:\Users\ParkHanna\anaconda3\lib\site-packages\numpy\fft;C:\Users\ParkHanna\anaconda3\lib\site-packages\numpy\random;C:\Users\ParkHanna\anaconda3\lib\site-packages\pandas\_libs;C:\Users\ParkHanna\anaconda3\lib\site-packages\pandas\_libs\tslibs;C:\Users\ParkHanna\anaconda3\lib\site-packages\numexpr;C:\Users\ParkHanna\anaconda3\lib\site-packages\bottleneck;C:\Users\ParkHanna\anaconda3\lib\site-packages\pandas\_libs\window;C:\Users\ParkHanna\anaconda3\lib\site-packages\matplotlib;C:\Users\ParkHanna\anaconda3\lib\site-packages\PIL;C:\Users\ParkHanna\anaconda3\lib\site-packages;C:\Users\ParkHanna\anaconda3\lib\site-packages\matplotlib\backends;C:\Users\ParkHanna\anaconda3\lib\site-packages\scipy\_lib;C:\Users\ParkHanna\anaconda3\lib\site-packages\scipy\spatial;C:\Users\ParkHanna\anaconda3\lib\site-packages\scipy\sparse;C:\Users\ParkHanna\anaconda3\lib\site-packages\scipy\sparse\csgraph;C:\Users\ParkHanna\anaconda3\lib\site-packages\scipy\linalg;C:\Users\ParkHanna\anaconda3\lib\site-packages\scipy\special;C:\Users\ParkHanna\anaconda3\lib\site-packages\scipy\spatial\transform;C:\Users\ParkHanna\anaconda3\lib\site-packages\scipy\ndimage;C:\Users\ParkHanna\anaconda3\lib\site-packages\scipy\optimize;C:\Users\ParkHanna\anaconda3\lib\site-packages\scipy\sparse\linalg\isolve;C:\Users\ParkHanna\anaconda3\lib\site-packages\scipy\sparse\linalg\dsolve;C:\Users\ParkHanna\anaconda3\lib\site-packages\scipy\sparse\linalg\eigen\arpack;C:\Users\ParkHanna\anaconda3\lib\site-packages\scipy\optimize\_trlib;C:\Users\ParkHanna\anaconda3\lib\site-packages\scipy\optimize\_lsq;C:\Users\ParkHanna\anaconda3\lib\site-packages\scipy\optimize\_highs;C:\Users\ParkHanna\anaconda3\lib\site-packages\scipy\integrate;C:\Users\ParkHanna\anaconda3\lib\site-packages\scipy\interpolate;C:\Users\ParkHanna\anaconda3\lib\site-packages\scipy\stats;C:\Users\ParkHanna\anaconda3\lib\site-packages\scipy\stats\_boost;C:\Users\ParkHanna\anaconda3\lib\site-packages\scipy\cluster;C:\Windows\WinSxS\amd64_microsoft.windows.common-controls_6595b64144ccf1df_6.0.19041.1110_none_60b5254171f9507e;C:\Users\ParkHanna\anaconda3\lib\site-packages\regex;C:\Users\ParkHanna\anaconda3\lib\site-packages\sklearn\__check_build;C:\Users\ParkHanna\anaconda3\lib\site-packages\sklearn\utils;C:\Users\ParkHanna\anaconda3\lib\site-packages\sklearn\feature_extraction;C:\Users\ParkHanna\anaconda3\lib\site-packages\sklearn\preprocessing;C:\Users\ParkHanna\anaconda3\lib\site-packages\sklearn\svm;C:\Users\ParkHanna\anaconda3\lib\site-packages\sklearn\metrics;C:\Users\ParkHanna\anaconda3\lib\site-packages\sklearn\metrics\cluster;C:\Users\ParkHanna\anaconda3\lib\site-packages\sklearn\linear_model;C:\Users\ParkHanna\anaconda3\lib\site-packages\sklearn\datasets;C:\Users\ParkHanna\anaconda3\lib\site-packages\scipy\io\matlab;C:\Users\ParkHanna\anaconda3\tcl\reg1.3;C:\Windows\System32\IME\IMEKR;C:\Windows\System32\IME\shared;C:\Program Files\Java\jdk-17.0.2\bin\server;C:\Program Files\Java\jdk-17.0.2\bin

VM Arguments:
jvm_args: -Dfile.encoding=UTF8 -ea -Xmx1024m 
java_command: <unknown>
java_class_path (initial): C:\Users\ParkHanna\anaconda3\Lib\site-packages\konlpy\java;C:\Users\ParkHanna\anaconda3\Lib\site-packages\konlpy\java\bin;C:\Users\ParkHanna\anaconda3\Lib\site-packages\konlpy\java\aho-corasick.jar;C:\Users\ParkHanna\anaconda3\Lib\site-packages\konlpy\java\jhannanum-0.8.4.jar;C:\Users\ParkHanna\anaconda3\Lib\site-packages\konlpy\java\kkma-2.0.jar;C:\Users\ParkHanna\anaconda3\Lib\site-packages\konlpy\java\komoran-3.0.jar;C:\Users\ParkHanna\anaconda3\Lib\site-packages\konlpy\java\open-korean-text-2.1.0.jar;C:\Users\ParkHanna\anaconda3\Lib\site-packages\konlpy\java\scala-library-2.12.3.jar;C:\Users\ParkHanna\anaconda3\Lib\site-packages\konlpy\java\shineware-common-1.0.jar;C:\Users\ParkHanna\anaconda3\Lib\site-packages\konlpy\java\shineware-ds-1.0.jar;C:\Users\ParkHanna\anaconda3\Lib\site-packages\konlpy\java\snakeyaml-1.12.jar;C:\Users\ParkHanna\anaconda3\Lib\site-packages\konlpy\java\twitter-text-1.14.7.jar;C:\Users\ParkHanna\anaconda3\Lib\site-packages\konlpy\java\jhannanum-0.8.4.jar;C:\Users\ParkHanna\anaconda3\Lib\site-packages\konlpy\java\kkma-2.0.jar;C:\Users\ParkHanna\anaconda3\Lib\site-packages\konlpy\java\aho-corasick.jar;C:\Users\ParkHanna\anaconda3\Lib\site-packages\konlpy\java\shineware-common-1.0.jar;C:\Users\ParkHanna\anaconda3\Lib\site-packages\konlpy\java\shineware-ds-1.0.jar;C:\Users\ParkHanna\anaconda3\Lib\site-packages\konlpy\java\komoran-3.0.jar;C:\Users\ParkHanna\anaconda3\Lib\site-packages\konlpy\java\snakeyaml-1.12.jar;C:\Users\ParkHanna\anaconda3\Lib\site-packages\konlpy\java\scala-library-2.12.3.jar;C:\Users\ParkHanna\anaconda3\Lib\site-packages\konlpy\java\open-korean-text-2.1.0.jar;C:\Users\ParkHanna\anaconda3\Lib\site-packages\konlpy\java\twitter-text-1.14.7.jar;C:\Users\ParkHanna\anaconda3\Lib\site-packages\konlpy\java\aho-corasick.jar;C:\Users\ParkHanna\anaconda3\Lib\site-packages\konlpy\java\jhannanum-0.8.4.jar;C:\Users\ParkHanna\anaconda3\Lib\site-packages\konlpy\java\kkma-2.0.jar;C:\Users\ParkHanna\anaconda3
Launcher Type: generic

[Global flags]
     intx CICompilerCount                          = 4                                         {product} {ergonomic}
     uint ConcGCThreads                            = 2                                         {product} {ergonomic}
     uint G1ConcRefinementThreads                  = 8                                         {product} {ergonomic}
   size_t G1HeapRegionSize                         = 1048576                                   {product} {ergonomic}
    uintx GCDrainStackTargetSize                   = 64                                        {product} {ergonomic}
   size_t InitialHeapSize                          = 264241152                                 {product} {ergonomic}
   size_t MarkStackSize                            = 4194304                                   {product} {ergonomic}
   size_t MaxHeapSize                              = 1073741824                                {product} {command line}
   size_t MaxNewSize                               = 643825664                                 {product} {ergonomic}
   size_t MinHeapDeltaBytes                        = 1048576                                   {product} {ergonomic}
   size_t MinHeapSize                              = 8388608                                   {product} {ergonomic}
    uintx NonNMethodCodeHeapSize                   = 5839372                                {pd product} {ergonomic}
    uintx NonProfiledCodeHeapSize                  = 122909434                              {pd product} {ergonomic}
    uintx ProfiledCodeHeapSize                     = 122909434                              {pd product} {ergonomic}
    uintx ReservedCodeCacheSize                    = 251658240                              {pd product} {ergonomic}
     bool SegmentedCodeCache                       = true                                      {product} {ergonomic}
   size_t SoftMaxHeapSize                          = 1073741824                             {manageable} {ergonomic}
     bool UseCompressedClassPointers               = true                           {product lp64_product} {ergonomic}
     bool UseCompressedOops                        = true                           {product lp64_product} {ergonomic}
     bool UseG1GC                                  = true                                      {product} {ergonomic}
     bool UseLargePagesIndividualAllocation        = false                                  {pd product} {ergonomic}

Logging:
Log output configuration:
 #0: stdout all=warning uptime,level,tags
 #1: stderr all=off uptime,level,tags

Environment Variables:
JAVA_HOME=C:\Program Files\Java\jdk-17.0.2
PATH=C:\Users\ParkHanna\anaconda3;C:\Users\ParkHanna\anaconda3\Library\mingw-w64\bin;C:\Users\ParkHanna\anaconda3\Library\usr\bin;C:\Users\ParkHanna\anaconda3\Library\bin;C:\Users\ParkHanna\anaconda3\Scripts;C:\Users\ParkHanna\AppData\Local\Programs\Python\Python310\Scripts\;C:\Users\ParkHanna\AppData\Local\Programs\Python\Python310\;C:\Program Files\NVIDIA GPU Computing Toolkit\CUDA\v11.7\bin;C:\Program Files\NVIDIA GPU Computing Toolkit\CUDA\v11.7\libnvvp;C:\Program Files\Common Files\Oracle\Java\javapath;C:\Program Files (x86)\Common Files\Oracle\Java\javapath;C:\Windows\system32;C:\Windows;C:\Windows\System32\Wbem;C:\Windows\System32\WindowsPowerShell\v1.0\;C:\Windows\System32\OpenSSH\;C:\Program Files\Bandizip\;C:\Program Files\Git\cmd;C:\Program Files\Java\jdk-17.0.2\bin\;C:\Program Files\NVIDIA Corporation\Nsight Compute 2022.2.0\;C:\Program Files (x86)\NVIDIA Corporation\PhysX\Common;C:\Program Files\NVIDIA Corporation\NVIDIA NvDLISR;C:\Program Files\nodejs\;C:\ProgramData\chocolatey\bin;C:\Program Files\MySQL\MySQL Shell 8.0\bin\;C:\Users\ParkHanna\AppData\Local\Microsoft\WindowsApps;C:\Program Files\NVIDIA Corporation\NVSMI;C:\ProgramData\NVIDIA GPU Computing Toolkit\v11.7\bin;C:\ProgramData\NVIDIA GPU Computing Toolkit\v11.7\lib;C:\ProgramData\NVIDIA GPU Computing Toolkit\v11.7\include;C:\Users\ParkHanna\AppData\Roaming\npm;C:\Users\ParkHanna\AppData\Local\Programs\Microsoft VS Code\bin
USERNAME=ParkHanna
OS=Windows_NT
PROCESSOR_IDENTIFIER=Intel64 Family 6 Model 140 Stepping 1, GenuineIntel



---------------  S Y S T E M  ---------------

OS:
 Windows 10 , 64 bit Build 19041 (10.0.19041.1889)
OS uptime: 1 days 20:12 hours

CPU: total 8 (initial active 8) (4 cores per cpu, 2 threads per core) family 6 model 140 stepping 1 microcode 0x86, cx8, cmov, fxsr, ht, mmx, 3dnowpref, sse, sse2, sse3, ssse3, sse4.1, sse4.2, popcnt, lzcnt, tsc, tscinvbit, avx, avx2, aes, erms, clmul, bmi1, bmi2, adx, avx512f, avx512dq, avx512cd, avx512bw, avx512vl, sha, fma, vzeroupper, avx512_vpopcntdq, avx512_vpclmulqdq, avx512_vaes, avx512_vnni, clflush, clflushopt, clwb, avx512_vbmi2, avx512_vbmi

Memory: 4k page, system-wide physical 16075M (7630M free)
TotalPageFile size 18507M (AvailPageFile size 7240M)
current process WorkingSet (physical memory assigned to process): 296M, peak: 297M
current process commit charge ("private bytes"): 344M, peak: 551M

vm_info: Java HotSpot(TM) 64-Bit Server VM (17.0.2+8-LTS-86) for windows-amd64 JRE (17.0.2+8-LTS-86), built on Dec  7 2021 21:51:03 by "mach5one" with MS VC++ 16.8 / 16.9 (VS2019)

END.
